<?xml version="1.0" encoding="UTF-8"?>
<!-- Generated by org.testng.reporters.JUnitReportReporter -->
<testsuite hostname="MANS" failures="0" tests="4" name="test_cases.TC01_PackagesValidation" time="4.260" errors="0" timestamp="2024-12-07T03:05:52 EET" skipped="0">
  <testcase classname="test_cases.TC01_PackagesValidation" name="Click_On_Egypt" time="1.833"/>
  <testcase classname="test_cases.TC01_PackagesValidation" name="Click_On_Lebanon" time="1.084"/>
  <testcase classname="test_cases.TC01_PackagesValidation" name="Click_On_Country_Menu" time="0.091"/>
  <testcase classname="test_cases.TC01_PackagesValidation" name="Click_On_UAE" time="1.252"/>
</testsuite> <!-- test_cases.TC01_PackagesValidation -->
