<?xml version="1.0" encoding="UTF-8"?>
<!-- Generated by org.testng.reporters.JUnitReportReporter -->
<testsuite hostname="MANS" failures="0" tests="4" name="test_cases.TC01_PackagesValidation" time="5.315" errors="0" timestamp="2024-12-07T03:10:42 EET" skipped="0">
  <testcase classname="test_cases.TC01_PackagesValidation" name="Click_On_Country_Menu" time="0.107"/>
  <testcase classname="test_cases.TC01_PackagesValidation" name="Click_On_UAE" time="2.331"/>
  <testcase classname="test_cases.TC01_PackagesValidation" name="Click_On_Lebanon" time="1.289"/>
  <testcase classname="test_cases.TC01_PackagesValidation" name="Click_On_Egypt" time="1.588"/>
</testsuite> <!-- test_cases.TC01_PackagesValidation -->
