<?xml version="1.0" encoding="UTF-8"?>
<!-- Generated by org.testng.reporters.JUnitReportReporter -->
<testsuite hostname="MANS" failures="0" tests="4" name="test_cases.TC01" time="5.673" errors="0" timestamp="2024-12-06T20:22:45 EET" skipped="0">
  <testcase classname="test_cases.TC01" name="Click_On_Lebanon" time="1.641"/>
  <testcase classname="test_cases.TC01" name="Click_On_Country_Menu" time="0.109"/>
  <testcase classname="test_cases.TC01" name="Click_On_Egypt" time="2.236"/>
  <testcase classname="test_cases.TC01" name="Click_On_UAE" time="1.687"/>
</testsuite> <!-- test_cases.TC01 -->
